<?xml version="1.0" encoding="UTF-8"?>
<!-- Generated by org.testng.reporters.JUnitReportReporter -->
<testsuite hostname="Sai" failures="0" tests="3" name="selenium.Cross_browser" time="358.626" errors="0" timestamp="2025-10-17T23:21:56 IST" skipped="0">
  <testcase classname="selenium.Cross_browser" name="browserTest" time="117.388"/>
  <testcase classname="selenium.Cross_browser" name="browserTest" time="119.863"/>
  <testcase classname="selenium.Cross_browser" name="browserTest" time="121.375"/>
</testsuite> <!-- selenium.Cross_browser -->
